<?xml version="1.0" encoding="UTF-8"?>
<testsuite xmlns:xsi="http://www.w3.org/2001/XMLSchema-instance" xsi:noNamespaceSchemaLocation="https://maven.apache.org/surefire/maven-surefire-plugin/xsd/surefire-test-report-3.0.xsd" version="3.0" name="TestSuite" time="547.683" tests="2" errors="0" skipped="0" failures="1">
  <properties>
[...]
</properties>
  <testcase name="titleCheck" classname="MavenProject.googleTitleCheck" time="11.266">
    <system-out><![CDATA[Google
Google title TestCase Passed
]]></system-out>
    <system-err><![CDATA[SLF4J: Failed to load class "org.slf4j.impl.StaticLoggerBinder".
SLF4J: Defaulting to no-operation (NOP) logger implementation
SLF4J: See http://www.slf4j.org/codes.html#StaticLoggerBinder for further details.
Starting ChromeDriver 91.0.4472.101 (af52a90bf87030dd1523486a1cd3ae25c5d76c9b-refs/branch-heads/4472@{#1462}) on port 32672
Only local connections are allowed.
Please see https://chromedriver.chromium.org/security-considerations for suggestions on keeping ChromeDriver safe.
ChromeDriver was started successfully.
Jul 12, 2021 2:23:59 AM org.openqa.selenium.remote.ProtocolHandshake createSession
INFO: Detected dialect: W3C
]]></system-err>
  </testcase>
  <testcase name="loginCheck" classname="MavenProject.gmailLoginCheck" time="535.701">
    <failure message="session not created&#10;from disconnected: Unable to receive message from renderer&#10;  (Session info: chrome=91.0.4472.124)&#10;Build info: version: &apos;3.141.59&apos;, revision: &apos;e82be7d358&apos;, time: &apos;2018-11-14T08:17:03&apos;&#10;System info: host: &apos;AARTHI&apos;, ip: &apos;192.168.68.115&apos;, os.name: &apos;Windows 10&apos;, os.arch: &apos;amd64&apos;, os.version: &apos;10.0&apos;, java.version: &apos;11.0.11&apos;&#10;Driver info: driver.version: ChromeDriver&#10;remote stacktrace: Backtrace:&#10;	Ordinal0 [0x00DA3733+2504499]&#10;	Ordinal0 [0x00D3C401+2081793]&#10;	Ordinal0 [0x00C42628+1058344]&#10;	Ordinal0 [0x00C34F79+1003385]&#10;	Ordinal0 [0x00C33EF9+999161]&#10;	Ordinal0 [0x00C341B6+999862]&#10;	Ordinal0 [0x00C33AA5+998053]&#10;	Ordinal0 [0x00C3A6DD+1025757]&#10;	Ordinal0 [0x00C33A61+997985]&#10;	Ordinal0 [0x00C34986+1001862]&#10;	Ordinal0 [0x00C33EF9+999161]&#10;	Ordinal0 [0x00C341B6+999862]&#10;	Ordinal0 [0x00C33AA5+998053]&#10;	Ordinal0 [0x00C3990C+1022220]&#10;	Ordinal0 [0x00C33A61+997985]&#10;	Ordinal0 [0x00C34986+1001862]&#10;	Ordinal0 [0x00C33EF9+999161]&#10;	Ordinal0 [0x00C341B6+999862]&#10;	Ordinal0 [0x00C33AA5+998053]&#10;	Ordinal0 [0x00C2F5DD+980445]&#10;	Ordinal0 [0x00C33A61+997985]&#10;	Ordinal0 [0x00C33800+997376]&#10;	Ordinal0 [0x00C33599+996761]&#10;	Ordinal0 [0x00C43830+1062960]&#10;	Ordinal0 [0x00C8ABB9+1354681]&#10;	Ordinal0 [0x00C897DA+1349594]&#10;	Ordinal0 [0x00C85D4B+1334603]&#10;	Ordinal0 [0x00C622B4+1188532]&#10;	Ordinal0 [0x00C63149+1192265]&#10;	GetHandleVerifier [0x00F1FB8C+1512252]&#10;	GetHandleVerifier [0x00FCB0DF+2214031]&#10;	GetHandleVerifier [0x00E24BC3+484211]&#10;	GetHandleVerifier [0x00E23E69+480793]&#10;	Ordinal0 [0x00D4218D+2105741]&#10;	Ordinal0 [0x00D466E8+2123496]&#10;	Ordinal0 [0x00D46827+2123815]&#10;	Ordinal0 [0x00D4FB73+2161523]&#10;	BaseThreadInitThunk [0x7706FA29+25]&#10;	RtlGetAppContainerNamedObjectPath [0x774A7A7E+286]&#10;	RtlGetAppContainerNamedObjectPath [0x774A7A4E+238]&#10;" type="org.openqa.selenium.SessionNotCreatedException"><![CDATA[org.openqa.selenium.SessionNotCreatedException: 
session not created
from disconnected: Unable to receive message from renderer
  (Session info: chrome=91.0.4472.124)
Build info: version: '3.141.59', revision: 'e82be7d358', time: '2018-11-14T08:17:03'
System info: host: 'AARTHI', ip: '192.168.68.115', os.name: 'Windows 10', os.arch: 'amd64', os.version: '10.0', java.version: '11.0.11'
Driver info: driver.version: ChromeDriver
remote stacktrace: Backtrace:
	Ordinal0 [0x00DA3733+2504499]
	Ordinal0 [0x00D3C401+2081793]
	Ordinal0 [0x00C42628+1058344]
	Ordinal0 [0x00C34F79+1003385]
	Ordinal0 [0x00C33EF9+999161]
	Ordinal0 [0x00C341B6+999862]
	Ordinal0 [0x00C33AA5+998053]
	Ordinal0 [0x00C3A6DD+1025757]
	Ordinal0 [0x00C33A61+997985]
	Ordinal0 [0x00C34986+1001862]
	Ordinal0 [0x00C33EF9+999161]
	Ordinal0 [0x00C341B6+999862]
	Ordinal0 [0x00C33AA5+998053]
	Ordinal0 [0x00C3990C+1022220]
	Ordinal0 [0x00C33A61+997985]
	Ordinal0 [0x00C34986+1001862]
	Ordinal0 [0x00C33EF9+999161]
	Ordinal0 [0x00C341B6+999862]
	Ordinal0 [0x00C33AA5+998053]
	Ordinal0 [0x00C2F5DD+980445]
	Ordinal0 [0x00C33A61+997985]
	Ordinal0 [0x00C33800+997376]
	Ordinal0 [0x00C33599+996761]
	Ordinal0 [0x00C43830+1062960]
	Ordinal0 [0x00C8ABB9+1354681]
	Ordinal0 [0x00C897DA+1349594]
	Ordinal0 [0x00C85D4B+1334603]
	Ordinal0 [0x00C622B4+1188532]
	Ordinal0 [0x00C63149+1192265]
	GetHandleVerifier [0x00F1FB8C+1512252]
	GetHandleVerifier [0x00FCB0DF+2214031]
	GetHandleVerifier [0x00E24BC3+484211]
	GetHandleVerifier [0x00E23E69+480793]
	Ordinal0 [0x00D4218D+2105741]
	Ordinal0 [0x00D466E8+2123496]
	Ordinal0 [0x00D46827+2123815]
	Ordinal0 [0x00D4FB73+2161523]
	BaseThreadInitThunk [0x7706FA29+25]
	RtlGetAppContainerNamedObjectPath [0x774A7A7E+286]
	RtlGetAppContainerNamedObjectPath [0x774A7A4E+238]

	at MavenProject.gmailLoginCheck.loginCheck(gmailLoginCheck.java:15)
]]></failure>
    <system-err><![CDATA[Starting ChromeDriver 91.0.4472.101 (af52a90bf87030dd1523486a1cd3ae25c5d76c9b-refs/branch-heads/4472@{#1462}) on port 24672
Only local connections are allowed.
Please see https://chromedriver.chromium.org/security-considerations for suggestions on keeping ChromeDriver safe.
ChromeDriver was started successfully.
[1626071579.261][SEVERE]: Unable to receive message from renderer
]]></system-err>
  </testcase>
</testsuite>