<?xml version="1.0" encoding="UTF-8"?>
<testng-results ignored="0" total="2" passed="2" failed="0" skipped="0">
  <reporter-output>
  </reporter-output>
  <suite started-at="2021-06-27T01:08:55 EDT" name="Suite" finished-at="2021-06-27T01:09:12 EDT" duration-ms="17455">
    <groups>
    </groups>
    <test started-at="2021-06-27T01:08:55 EDT" name="Test" finished-at="2021-06-27T01:09:12 EDT" duration-ms="17455">
      <class name="MavenProject.googleTitleCheck">
        <test-method signature="titleCheck()[pri:0, instance:MavenProject.googleTitleCheck@7ee955a8]" started-at="2021-06-27T01:08:55 EDT" name="titleCheck" finished-at="2021-06-27T01:09:01 EDT" duration-ms="5846" status="PASS">
          <reporter-output>
          </reporter-output>
        </test-method> <!-- titleCheck -->
      </class> <!-- MavenProject.googleTitleCheck -->
      <class name="MavenProject.gmailLoginCheck">
        <test-method signature="loginCheck()[pri:0, instance:MavenProject.gmailLoginCheck@794cb805]" started-at="2021-06-27T01:09:01 EDT" name="loginCheck" finished-at="2021-06-27T01:09:12 EDT" duration-ms="11558" status="PASS">
          <reporter-output>
          </reporter-output>
        </test-method> <!-- loginCheck -->
      </class> <!-- MavenProject.gmailLoginCheck -->
    </test> <!-- Test -->
  </suite> <!-- Suite -->
</testng-results>
